2023-04-01 22:58:08.355 [info] Log level: Info
2023-04-01 22:58:08.355 [info] Validating found git in: "git"
2023-04-01 22:58:08.355 [info] Using git "2.34.1" from "git"
2023-04-01 22:58:08.355 [info] > git rev-parse --show-toplevel [24ms]
2023-04-01 22:58:08.355 [info] fatal: not a git repository (or any of the parent directories): .git
2023-04-01 22:58:08.355 [info] > git rev-parse --show-toplevel [1ms]
2023-04-01 22:58:08.355 [info] fatal: not a git repository (or any of the parent directories): .git
2023-04-01 22:58:13.895 [info] > git rev-parse --show-toplevel [60ms]
2023-04-01 22:58:13.895 [info] fatal: not a git repository (or any of the parent directories): .git
2023-04-01 23:04:38.097 [info] > git rev-parse --show-toplevel [2ms]
2023-04-01 23:04:38.097 [info] fatal: not a git repository (or any of the parent directories): .git
2023-04-01 23:05:02.611 [info] > git rev-parse --show-toplevel [1ms]
2023-04-01 23:05:02.611 [info] fatal: not a git repository (or any of the parent directories): .git
2023-04-01 23:05:19.122 [info] > git rev-parse --show-toplevel [3ms]
2023-04-01 23:05:19.122 [info] fatal: not a git repository (or any of the parent directories): .git
2023-04-01 23:05:19.892 [info] > git rev-parse --show-toplevel [0ms]
2023-04-01 23:05:19.892 [info] fatal: not a git repository (or any of the parent directories): .git
2023-04-01 23:05:21.472 [info] > git rev-parse --show-toplevel [6ms]
2023-04-01 23:05:21.472 [info] fatal: not a git repository (or any of the parent directories): .git
2023-04-01 23:05:23.511 [info] > git rev-parse --show-toplevel [3ms]
2023-04-01 23:05:23.511 [info] fatal: not a git repository (or any of the parent directories): .git
2023-04-01 23:05:24.436 [info] > git rev-parse --show-toplevel [3ms]
2023-04-01 23:05:24.436 [info] fatal: not a git repository (or any of the parent directories): .git
2023-04-01 23:05:33.096 [info] > git rev-parse --show-toplevel [2ms]
2023-04-01 23:05:33.096 [info] fatal: not a git repository (or any of the parent directories): .git
2023-04-01 23:09:22.417 [info] > git rev-parse --show-toplevel [3ms]
2023-04-01 23:09:22.417 [info] fatal: not a git repository (or any of the parent directories): .git
