2023-04-01 23:09:59.449 [info] Extension host with pid 742 started
2023-04-01 23:09:59.463 [info] Lock '/home/david/.vscode-server/data/User/workspaceStorage/7e5a5f6aa07db33b57bfa2de1179accc/vscode.lock': Lock acquired.
2023-04-01 23:09:59.525 [info] ExtensionService#_doActivateExtension vscode.emmet, startup: false, activationEvent: 'onLanguage'
2023-04-01 23:09:59.526 [info] ExtensionService#_doActivateExtension vscode.html-language-features, startup: false, activationEvent: 'onLanguage:html'
2023-04-01 23:10:00.086 [info] ExtensionService#_doActivateExtension vscode.git-base, startup: true, activationEvent: '*', root cause: vscode.git
2023-04-01 23:10:00.100 [info] ExtensionService#_doActivateExtension vscode.git, startup: true, activationEvent: '*'
2023-04-01 23:10:00.100 [info] ExtensionService#_doActivateExtension vscode.github, startup: true, activationEvent: '*'
2023-04-01 23:10:00.248 [info] ExtensionService#_doActivateExtension pranaygp.vscode-css-peek, startup: true, activationEvent: 'workspaceContains:**/*.css,**/*.scss,**/*.sass,**/*.less'
2023-04-01 23:10:00.285 [info] Eager extensions activated
2023-04-01 23:10:00.286 [info] ExtensionService#_doActivateExtension vscode.debug-auto-launch, startup: false, activationEvent: 'onStartupFinished'
2023-04-01 23:10:00.286 [info] ExtensionService#_doActivateExtension vscode.merge-conflict, startup: false, activationEvent: 'onStartupFinished'
2023-04-01 23:10:00.287 [info] ExtensionService#_doActivateExtension dbaeumer.vscode-eslint, startup: false, activationEvent: 'onStartupFinished'
2023-04-01 23:10:00.287 [info] ExtensionService#_doActivateExtension streetsidesoftware.code-spell-checker, startup: false, activationEvent: 'onStartupFinished'
2023-04-01 23:10:12.235 [info] ExtensionService#_doActivateExtension ritwickdey.LiveServer, startup: false, activationEvent: 'onStartupFinished'
2023-04-01 23:13:07.258 [info] ExtensionService#_doActivateExtension vscode.configuration-editing, startup: false, activationEvent: 'onLanguage:jsonc'
2023-04-01 23:13:07.259 [info] ExtensionService#_doActivateExtension vscode.json-language-features, startup: false, activationEvent: 'onLanguage:jsonc'
2023-04-01 23:13:07.259 [info] ExtensionService#_doActivateExtension vscode.typescript-language-features, startup: false, activationEvent: 'onLanguage:jsonc'
2023-04-02 11:59:09.148 [info] Extension host terminating: received terminate message from renderer
2023-04-02 11:59:09.149 [info] Lock '/home/david/.vscode-server/data/User/workspaceStorage/7e5a5f6aa07db33b57bfa2de1179accc/vscode.lock': Marking the lockfile as scheduled to be released in 6000 ms.
2023-04-02 11:59:09.268 [info] Extension host with pid 742 exiting with code 0
